SF:lib/view/recipe_view.dart
DA:8,2
DA:9,2
DA:11,2
DA:13,4
DA:14,4
DA:15,6
DA:18,4
DA:20,0
DA:21,6
DA:22,4
DA:24,2
DA:26,2
DA:28,2
DA:30,2
DA:31,2
DA:32,2
DA:33,2
DA:34,2
DA:37,2
DA:38,2
DA:43,2
DA:45,2
DA:46,2
DA:49,2
DA:50,2
DA:51,0
DA:55,2
DA:59,2
DA:60,2
DA:61,2
DA:62,2
DA:79,2
DA:81,6
DA:82,6
DA:87,2
DA:89,2
DA:90,2
DA:91,2
DA:92,2
DA:94,2
DA:97,2
DA:98,2
DA:99,2
DA:106,2
DA:107,2
DA:108,4
DA:109,4
DA:114,2
DA:116,2
DA:117,6
DA:119,6
DA:121,2
DA:122,4
DA:124,6
DA:132,0
DA:133,0
DA:134,0
DA:136,0
DA:137,0
DA:138,0
DA:145,0
DA:146,0
DA:151,0
DA:152,0
DA:159,2
DA:161,8
DA:162,2
DA:164,2
DA:182,2
DA:183,2
DA:184,2
DA:190,2
DA:192,2
DA:193,2
DA:195,2
DA:201,2
DA:202,2
DA:203,2
DA:205,2
DA:214,2
DA:215,2
DA:216,2
DA:218,2
DA:223,2
DA:225,2
DA:229,0
DA:230,0
DA:232,2
DA:234,2
DA:235,2
DA:236,4
DA:237,8
DA:238,4
DA:239,2
DA:240,4
DA:241,8
DA:242,4
DA:243,2
DA:244,4
DA:245,8
DA:246,4
DA:247,2
DA:248,4
DA:249,8
DA:250,4
DA:251,2
DA:253,8
DA:254,4
DA:255,6
DA:256,2
DA:257,4
DA:258,8
DA:259,4
DA:260,6
DA:261,2
DA:262,4
DA:263,8
DA:264,4
DA:265,6
DA:266,2
DA:267,4
DA:268,8
DA:269,4
DA:270,6
DA:271,2
DA:272,4
DA:273,8
DA:274,4
DA:275,6
DA:276,2
DA:277,4
DA:278,8
DA:279,4
DA:280,6
DA:281,2
DA:282,4
DA:283,8
DA:284,4
DA:288,2
DA:289,2
DA:291,2
DA:292,2
DA:293,4
DA:294,2
DA:302,2
DA:303,8
DA:304,8
DA:305,8
DA:306,8
DA:308,2
DA:309,2
DA:310,2
DA:311,4
DA:312,4
DA:313,4
DA:314,4
DA:315,4
DA:318,2
DA:319,1
DA:322,2
DA:323,2
DA:326,2
DA:327,2
DA:330,2
DA:331,2
DA:334,6
DA:335,6
DA:336,6
DA:337,6
DA:338,6
DA:339,2
DA:343,2
DA:345,2
DA:346,2
DA:348,2
DA:356,2
DA:391,2
DA:392,2
DA:395,2
DA:396,2
DA:398,0
DA:399,0
DA:403,2
DA:405,0
DA:406,0
DA:407,0
DA:414,0
DA:415,0
DA:416,0
DA:424,2
DA:429,2
DA:431,2
DA:432,2
DA:433,2
DA:434,2
DA:436,2
DA:437,2
DA:438,2
DA:439,2
DA:448,2
DA:449,2
DA:450,2
DA:472,2
DA:481,2
DA:483,2
DA:485,2
DA:487,2
DA:489,2
DA:491,2
DA:492,2
DA:493,4
DA:494,2
DA:498,2
DA:499,6
DA:509,2
DA:511,2
DA:512,3
DA:513,4
DA:514,4
DA:515,4
DA:516,4
DA:517,3
DA:518,2
DA:519,2
DA:520,2
DA:521,2
DA:528,2
DA:529,2
DA:530,2
DA:531,2
DA:532,2
DA:537,2
DA:539,2
LF:233
LH:211
end_of_record
SF:lib/view/recipeslist_view.dart
DA:14,3
DA:16,3
DA:17,3
DA:26,3
DA:28,3
DA:29,9
DA:30,9
DA:31,0
DA:35,0
DA:36,0
DA:37,0
DA:38,0
DA:39,0
DA:42,0
DA:43,0
DA:47,0
DA:48,0
DA:49,0
DA:50,0
DA:51,0
DA:52,0
DA:53,0
DA:55,0
DA:56,0
DA:60,0
DA:63,3
DA:65,6
DA:66,3
DA:69,3
DA:71,6
DA:72,9
DA:74,3
DA:75,3
DA:76,3
DA:77,3
DA:78,3
DA:80,3
DA:90,3
DA:92,0
DA:93,0
DA:98,9
DA:100,3
DA:103,3
DA:104,15
DA:105,15
DA:107,3
DA:109,3
DA:110,3
DA:112,3
DA:113,3
DA:115,3
DA:116,3
DA:117,0
DA:118,0
DA:119,0
DA:122,3
DA:123,3
DA:124,6
DA:129,3
DA:131,3
DA:133,3
DA:134,3
DA:135,6
DA:144,3
DA:145,6
DA:148,3
DA:152,3
DA:154,4
DA:159,3
DA:160,3
DA:161,21
DA:162,12
DA:163,12
DA:165,3
DA:166,1
DA:167,1
DA:169,3
DA:171,3
DA:172,3
DA:175,3
DA:176,3
DA:177,3
DA:178,3
DA:179,3
DA:186,3
DA:187,3
DA:188,3
DA:190,3
DA:191,9
DA:192,0
DA:195,3
DA:196,3
DA:197,3
DA:198,6
DA:204,3
DA:206,3
DA:208,3
DA:209,3
DA:210,6
DA:211,3
DA:231,12
DA:244,1
DA:245,1
DA:249,1
DA:250,1
DA:251,1
DA:254,2
DA:255,2
DA:259,1
DA:265,1
DA:266,3
DA:269,3
DA:273,3
DA:276,3
DA:279,3
DA:282,3
DA:285,3
DA:288,1
DA:289,1
DA:296,3
DA:298,3
DA:299,3
DA:301,3
DA:302,3
DA:304,3
DA:305,3
DA:314,3
DA:315,12
DA:316,12
DA:317,12
DA:318,12
DA:320,3
DA:321,3
DA:322,3
DA:323,6
DA:324,6
DA:325,6
DA:326,6
DA:328,6
DA:331,3
DA:332,1
DA:334,3
DA:335,3
DA:337,3
DA:338,3
DA:340,3
DA:341,3
DA:343,9
DA:344,9
DA:345,9
DA:346,9
DA:347,9
DA:348,3
DA:351,3
DA:353,3
DA:355,3
DA:357,3
DA:359,3
DA:361,1
DA:368,3
DA:369,3
DA:370,6
DA:371,3
DA:372,15
DA:376,3
DA:377,3
LF:166
LH:142
end_of_record
SF:lib/utils/time_and_fps.dart
DA:4,1
DA:13,1
DA:15,1
DA:16,1
DA:17,1
DA:18,1
DA:22,1
DA:24,1
DA:25,1
DA:26,1
DA:27,2
DA:28,3
DA:38,1
DA:39,1
DA:40,2
DA:41,3
LF:16
LH:16
end_of_record
SF:lib/controller/api_controller.dart
DA:9,1
DA:12,1
DA:14,3
DA:15,1
DA:17,2
DA:18,2
DA:20,1
DA:22,2
DA:23,1
DA:24,3
DA:29,2
DA:30,1
DA:31,2
LF:13
LH:13
end_of_record
SF:lib/controller/permissions_controller.g.dart
DA:9,1
DA:14,2
DA:15,1
LF:3
LH:3
end_of_record
SF:lib/view/camera_view.dart
DA:11,2
DA:13,1
DA:14,1
DA:16,2
DA:17,2
DA:19,2
DA:21,2
DA:22,2
DA:23,2
DA:26,2
DA:27,2
DA:38,1
DA:39,1
DA:40,0
DA:41,0
DA:45,1
DA:47,1
DA:49,1
DA:50,1
DA:52,1
DA:53,1
DA:55,1
DA:56,3
DA:57,0
DA:58,3
DA:59,1
DA:62,1
DA:70,1
DA:71,1
DA:72,1
DA:85,1
DA:91,1
DA:93,2
DA:94,2
DA:96,1
DA:98,1
DA:99,1
DA:100,1
DA:101,0
DA:102,0
DA:103,0
DA:104,0
DA:108,1
DA:110,1
DA:111,1
DA:114,1
DA:116,1
DA:128,0
DA:129,1
LF:49
LH:41
end_of_record
SF:lib/controller/object_detector.g.dart
DA:9,2
DA:13,6
LF:2
LH:2
end_of_record
SF:lib/utils/query_provider.dart
DA:5,3
DA:11,4
DA:13,1
DA:14,1
DA:18,8
DA:19,2
LF:6
LH:6
end_of_record
SF:lib/view/welcomepage_view.dart
DA:8,1
DA:10,1
DA:12,1
DA:13,1
DA:15,1
DA:19,1
DA:23,1
DA:25,1
DA:32,1
DA:35,1
DA:36,1
DA:39,1
DA:47,1
DA:50,1
DA:71,1
DA:72,1
DA:74,1
DA:75,1
DA:78,1
DA:99,1
DA:103,1
DA:104,1
DA:106,0
DA:107,0
DA:109,0
DA:117,1
DA:121,2
DA:133,1
DA:135,1
DA:136,1
DA:142,1
DA:144,1
DA:145,3
DA:146,3
DA:147,3
DA:152,2
DA:153,3
DA:154,1
DA:155,2
DA:156,2
DA:157,2
DA:158,2
DA:165,1
DA:167,2
DA:168,1
DA:171,1
DA:173,3
DA:176,3
DA:177,1
DA:179,1
DA:180,1
DA:181,1
DA:182,2
LF:53
LH:50
end_of_record
